  MM1_Project.cpp
c:\users\ailto\documents\github\mm1-queue\mm1-queue\mm1_project\mm1_project.cpp(47): warning C4244: 'argument': conversion from 'int' to 'float', possible loss of data
c:\users\ailto\documents\github\mm1-queue\mm1-queue\mm1_project\mm1_project.cpp(47): warning C4244: 'argument': conversion from 'double' to 'float', possible loss of data
c:\users\ailto\documents\github\mm1-queue\mm1-queue\mm1_project\mm1_project.cpp(101): warning C4018: '<': signed/unsigned mismatch
c:\users\ailto\documents\github\mm1-queue\mm1-queue\mm1_project\mm1_project.cpp(108): warning C4244: 'initializing': conversion from 'double' to 'int', possible loss of data
c:\users\ailto\documents\github\mm1-queue\mm1-queue\mm1_project\mm1_project.cpp(205): warning C4244: 'initializing': conversion from 'double' to 'int', possible loss of data
c:\users\ailto\documents\github\mm1-queue\mm1-queue\mm1_project\mm1_project.cpp(214): warning C4244: '=': conversion from 'double' to 'int', possible loss of data
c:\users\ailto\documents\github\mm1-queue\mm1-queue\mm1_project\mm1_project.cpp(237): warning C4018: '<': signed/unsigned mismatch
c:\users\ailto\documents\github\mm1-queue\mm1-queue\mm1_project\mm1_project.cpp(238): warning C4018: '<': signed/unsigned mismatch
c:\users\ailto\documents\github\mm1-queue\mm1-queue\mm1_project\mm1_project.cpp(252): warning C4018: '<': signed/unsigned mismatch
c:\users\ailto\documents\github\mm1-queue\mm1-queue\mm1_project\mm1_project.cpp(259): warning C4018: '<': signed/unsigned mismatch
c:\users\ailto\documents\github\mm1-queue\mm1-queue\mm1_project\mm1_project.cpp(264): warning C4018: '<': signed/unsigned mismatch
c:\users\ailto\documents\github\mm1-queue\mm1-queue\mm1_project\mm1_project.cpp(286): warning C4018: '<': signed/unsigned mismatch
c:\users\ailto\documents\github\mm1-queue\mm1-queue\mm1_project\mm1_project.cpp(337): warning C4018: '<': signed/unsigned mismatch
c:\users\ailto\documents\github\mm1-queue\mm1-queue\mm1_project\mm1_project.cpp(367): warning C4244: 'initializing': conversion from 'double' to 'int', possible loss of data
c:\users\ailto\documents\github\mm1-queue\mm1-queue\mm1_project\mm1_project.cpp(377): warning C4244: '=': conversion from 'double' to 'int', possible loss of data
c:\users\ailto\documents\github\mm1-queue\mm1-queue\mm1_project\mm1_project.cpp(494): warning C4244: 'argument': conversion from 'int' to 'float', possible loss of data
c:\users\ailto\documents\github\mm1-queue\mm1-queue\mm1_project\mm1_project.cpp(494): warning C4244: 'argument': conversion from 'double' to 'float', possible loss of data
c:\users\ailto\documents\github\mm1-queue\mm1-queue\mm1_project\mm1_project.cpp(495): warning C4244: '=': conversion from 'double' to 'int', possible loss of data
c:\users\ailto\documents\github\mm1-queue\mm1-queue\mm1_project\mm1_project.cpp(521): warning C4244: '=': conversion from 'double' to 'int', possible loss of data
c:\users\ailto\documents\github\mm1-queue\mm1-queue\mm1_project\mm1_project.cpp(571): warning C4244: 'initializing': conversion from 'std::chrono::system_clock::rep' to 'unsigned int', possible loss of data
c:\users\ailto\documents\github\mm1-queue\mm1-queue\mm1_project\mm1_project.cpp(575): warning C4244: 'initializing': conversion from 'double' to 'int', possible loss of data
c:\users\ailto\documents\github\mm1-queue\mm1-queue\mm1_project\mm1_project.cpp(584): warning C4244: 'argument': conversion from 'double' to 'int', possible loss of data
c:\users\ailto\documents\github\mm1-queue\mm1-queue\mm1_project\mm1_project.cpp(600): warning C4244: 'argument': conversion from 'double' to 'float', possible loss of data
c:\users\ailto\documents\github\mm1-queue\mm1-queue\mm1_project\mm1_project.cpp(600): warning C4244: 'argument': conversion from 'double' to 'int', possible loss of data
c:\users\ailto\documents\github\mm1-queue\mm1-queue\mm1_project\mm1_project.cpp(621): warning C4244: 'initializing': conversion from 'std::chrono::system_clock::rep' to 'unsigned int', possible loss of data
c:\users\ailto\documents\github\mm1-queue\mm1-queue\mm1_project\mm1_project.cpp(625): warning C4244: 'initializing': conversion from 'double' to 'int', possible loss of data
c:\users\ailto\documents\github\mm1-queue\mm1-queue\mm1_project\mm1_project.cpp(648): warning C4244: 'argument': conversion from 'double' to 'float', possible loss of data
c:\users\ailto\documents\github\mm1-queue\mm1-queue\mm1_project\mm1_project.cpp(669): warning C4244: 'initializing': conversion from 'double' to 'int', possible loss of data
  MM1_Project.vcxproj -> C:\Users\ailto\Documents\GitHub\MM1-Queue\MM1-Queue\Debug\MM1_Project.exe
  MM1_Project.vcxproj -> C:\Users\ailto\Documents\GitHub\MM1-Queue\MM1-Queue\Debug\MM1_Project.pdb (Full PDB)
